{"/Users/jbatchelor/node/coup/src/server/coup.ts": {"path":"/Users/jbatchelor/node/coup/src/server/coup.ts","statementMap":{"0":{"start":{"line":1,"column":0},"end":{"line":1,"column":37}},"1":{"start":{"line":3,"column":30},"end":{"line":3,"column":87}},"2":{"start":{"line":4,"column":17},"end":{"line":6,"column":6}},"3":{"start":{"line":5,"column":2},"end":{"line":5,"column":43}},"4":{"start":{"line":12,"column":20},"end":{"line":18,"column":7}},"5":{"start":{"line":12,"column":66},"end":{"line":18,"column":6}},"6":{"start":{"line":19,"column":17},"end":{"line":19,"column":39}},"7":{"start":{"line":21,"column":18},"end":{"line":26,"column":null}},"8":{"start":{"line":23,"column":8},"end":{"line":26,"column":null}},"9":{"start":{"line":28,"column":4},"end":{"line":37,"column":6}},"10":{"start":{"line":38,"column":4},"end":{"line":38,"column":25}},"11":{"start":{"line":42,"column":4},"end":{"line":42,"column":38}},"12":{"start":{"line":46,"column":4},"end":{"line":46,"column":34}},"13":{"start":{"line":50,"column":4},"end":{"line":50,"column":22}},"14":{"start":{"line":54,"column":4},"end":{"line":57,"column":null}},"15":{"start":{"line":55,"column":6},"end":{"line":55,"column":36}},"16":{"start":{"line":56,"column":6},"end":{"line":56,"column":13}},"17":{"start":{"line":58,"column":4},"end":{"line":58,"column":51}},"18":{"start":{"line":59,"column":4},"end":{"line":72,"column":null}},"19":{"start":{"line":60,"column":6},"end":{"line":60,"column":70}},"20":{"start":{"line":62,"column":25},"end":{"line":62,"column":53}},"21":{"start":{"line":63,"column":6},"end":{"line":71,"column":null}},"22":{"start":{"line":64,"column":8},"end":{"line":64,"column":68}},"23":{"start":{"line":65,"column":13},"end":{"line":71,"column":null}},"24":{"start":{"line":66,"column":8},"end":{"line":66,"column":65}},"25":{"start":{"line":67,"column":13},"end":{"line":71,"column":null}},"26":{"start":{"line":68,"column":8},"end":{"line":68,"column":55}},"27":{"start":{"line":70,"column":8},"end":{"line":70,"column":83}},"28":{"start":{"line":73,"column":4},"end":{"line":73,"column":25}},"29":{"start":{"line":77,"column":4},"end":{"line":77,"column":38}},"30":{"start":{"line":78,"column":25},"end":{"line":78,"column":112}},"31":{"start":{"line":79,"column":4},"end":{"line":92,"column":null}},"32":{"start":{"line":80,"column":6},"end":{"line":80,"column":92}},"33":{"start":{"line":81,"column":6},"end":{"line":81,"column":66}},"34":{"start":{"line":82,"column":6},"end":{"line":85,"column":9}},"35":{"start":{"line":87,"column":27},"end":{"line":87,"column":55}},"36":{"start":{"line":88,"column":6},"end":{"line":88,"column":89}},"37":{"start":{"line":89,"column":6},"end":{"line":91,"column":null}},"38":{"start":{"line":90,"column":8},"end":{"line":90,"column":57}},"39":{"start":{"line":96,"column":4},"end":{"line":96,"column":38}},"40":{"start":{"line":97,"column":4},"end":{"line":97,"column":87}},"41":{"start":{"line":98,"column":4},"end":{"line":100,"column":null}},"42":{"start":{"line":99,"column":6},"end":{"line":99,"column":55}},"43":{"start":{"line":104,"column":4},"end":{"line":104,"column":38}},"44":{"start":{"line":105,"column":26},"end":{"line":105,"column":38}},"45":{"start":{"line":106,"column":4},"end":{"line":106,"column":102}},"46":{"start":{"line":106,"column":32},"end":{"line":106,"column":100}},"47":{"start":{"line":110,"column":4},"end":{"line":115,"column":null}},"48":{"start":{"line":111,"column":6},"end":{"line":114,"column":9}},"49":{"start":{"line":116,"column":4},"end":{"line":116,"column":43}},"50":{"start":{"line":120,"column":4},"end":{"line":164,"column":null}},"51":{"start":{"line":121,"column":23},"end":{"line":121,"column":29}},"52":{"start":{"line":122,"column":6},"end":{"line":122,"column":76}},"53":{"start":{"line":123,"column":6},"end":{"line":163,"column":null}},"54":{"start":{"line":125,"column":35},"end":{"line":125,"column":41}},"55":{"start":{"line":126,"column":24},"end":{"line":127,"column":null}},"56":{"start":{"line":127,"column":28},"end":{"line":127,"column":75}},"57":{"start":{"line":129,"column":10},"end":{"line":129,"column":114}},"58":{"start":{"line":130,"column":10},"end":{"line":130,"column":52}},"59":{"start":{"line":131,"column":10},"end":{"line":131,"column":16}},"60":{"start":{"line":134,"column":10},"end":{"line":134,"column":45}},"61":{"start":{"line":135,"column":25},"end":{"line":135,"column":53}},"62":{"start":{"line":136,"column":29},"end":{"line":136,"column":35}},"63":{"start":{"line":137,"column":10},"end":{"line":137,"column":66}},"64":{"start":{"line":138,"column":10},"end":{"line":138,"column":16}},"65":{"start":{"line":141,"column":35},"end":{"line":141,"column":41}},"66":{"start":{"line":142,"column":24},"end":{"line":143,"column":null}},"67":{"start":{"line":143,"column":28},"end":{"line":143,"column":75}},"68":{"start":{"line":145,"column":10},"end":{"line":145,"column":110}},"69":{"start":{"line":146,"column":10},"end":{"line":146,"column":57}},"70":{"start":{"line":147,"column":29},"end":{"line":147,"column":83}},"71":{"start":{"line":147,"column":70},"end":{"line":147,"column":82}},"72":{"start":{"line":148,"column":10},"end":{"line":148,"column":61}},"73":{"start":{"line":149,"column":10},"end":{"line":149,"column":16}},"74":{"start":{"line":152,"column":43},"end":{"line":152,"column":49}},"75":{"start":{"line":153,"column":10},"end":{"line":153,"column":59}},"76":{"start":{"line":154,"column":10},"end":{"line":154,"column":16}},"77":{"start":{"line":157,"column":42},"end":{"line":157,"column":48}},"78":{"start":{"line":158,"column":10},"end":{"line":158,"column":58}},"79":{"start":{"line":159,"column":10},"end":{"line":159,"column":16}},"80":{"start":{"line":162,"column":10},"end":{"line":162,"column":58}},"81":{"start":{"line":165,"column":4},"end":{"line":165,"column":38}},"82":{"start":{"line":166,"column":4},"end":{"line":166,"column":31}},"83":{"start":{"line":167,"column":19},"end":{"line":167,"column":40}},"84":{"start":{"line":168,"column":4},"end":{"line":180,"column":null}},"85":{"start":{"line":169,"column":6},"end":{"line":169,"column":28}},"86":{"start":{"line":172,"column":6},"end":{"line":175,"column":9}},"87":{"start":{"line":176,"column":6},"end":{"line":179,"column":9}},"88":{"start":{"line":185,"column":4},"end":{"line":185,"column":94}},"89":{"start":{"line":186,"column":4},"end":{"line":186,"column":53}},"90":{"start":{"line":187,"column":4},"end":{"line":187,"column":25}},"91":{"start":{"line":192,"column":4},"end":{"line":252,"column":null}},"92":{"start":{"line":194,"column":8},"end":{"line":194,"column":98}},"93":{"start":{"line":195,"column":8},"end":{"line":198,"column":11}},"94":{"start":{"line":199,"column":8},"end":{"line":199,"column":14}},"95":{"start":{"line":201,"column":30},"end":{"line":201,"column":58}},"96":{"start":{"line":202,"column":8},"end":{"line":205,"column":11}},"97":{"start":{"line":206,"column":8},"end":{"line":206,"column":14}},"98":{"start":{"line":208,"column":33},"end":{"line":208,"column":61}},"99":{"start":{"line":209,"column":8},"end":{"line":214,"column":null}},"100":{"start":{"line":210,"column":10},"end":{"line":213,"column":13}},"101":{"start":{"line":215,"column":8},"end":{"line":215,"column":14}},"102":{"start":{"line":217,"column":8},"end":{"line":217,"column":98}},"103":{"start":{"line":218,"column":8},"end":{"line":221,"column":11}},"104":{"start":{"line":222,"column":8},"end":{"line":222,"column":14}},"105":{"start":{"line":224,"column":8},"end":{"line":224,"column":68}},"106":{"start":{"line":225,"column":8},"end":{"line":225,"column":68}},"107":{"start":{"line":226,"column":8},"end":{"line":229,"column":11}},"108":{"start":{"line":230,"column":8},"end":{"line":230,"column":14}},"109":{"start":{"line":232,"column":8},"end":{"line":232,"column":99}},"110":{"start":{"line":233,"column":8},"end":{"line":233,"column":14}},"111":{"start":{"line":235,"column":8},"end":{"line":235,"column":99}},"112":{"start":{"line":236,"column":8},"end":{"line":236,"column":14}},"113":{"start":{"line":238,"column":22},"end":{"line":238,"column":74}},"114":{"start":{"line":239,"column":8},"end":{"line":239,"column":105}},"115":{"start":{"line":240,"column":8},"end":{"line":240,"column":99}},"116":{"start":{"line":241,"column":8},"end":{"line":241,"column":14}},"117":{"start":{"line":243,"column":8},"end":{"line":243,"column":99}},"118":{"start":{"line":244,"column":8},"end":{"line":244,"column":14}},"119":{"start":{"line":246,"column":8},"end":{"line":246,"column":40}},"120":{"start":{"line":247,"column":8},"end":{"line":247,"column":14}},"121":{"start":{"line":249,"column":8},"end":{"line":249,"column":14}},"122":{"start":{"line":251,"column":8},"end":{"line":251,"column":63}},"123":{"start":{"line":256,"column":4},"end":{"line":289,"column":7}},"124":{"start":{"line":257,"column":6},"end":{"line":259,"column":null}},"125":{"start":{"line":258,"column":8},"end":{"line":258,"column":78}},"126":{"start":{"line":260,"column":6},"end":{"line":262,"column":null}},"127":{"start":{"line":261,"column":8},"end":{"line":261,"column":48}},"128":{"start":{"line":264,"column":33},"end":{"line":264,"column":90}},"129":{"start":{"line":265,"column":6},"end":{"line":288,"column":null}},"130":{"start":{"line":273,"column":10},"end":{"line":273,"column":73}},"131":{"start":{"line":275,"column":10},"end":{"line":275,"column":77}},"132":{"start":{"line":277,"column":10},"end":{"line":277,"column":78}},"133":{"start":{"line":279,"column":10},"end":{"line":279,"column":76}},"134":{"start":{"line":281,"column":10},"end":{"line":281,"column":85}},"135":{"start":{"line":283,"column":10},"end":{"line":283,"column":80}},"136":{"start":{"line":285,"column":10},"end":{"line":285,"column":80}},"137":{"start":{"line":287,"column":10},"end":{"line":287,"column":66}},"138":{"start":{"line":294,"column":4},"end":{"line":296,"column":null}},"139":{"start":{"line":295,"column":6},"end":{"line":295,"column":76}},"140":{"start":{"line":299,"column":20},"end":{"line":299,"column":100}},"141":{"start":{"line":299,"column":56},"end":{"line":299,"column":79}},"142":{"start":{"line":299,"column":92},"end":{"line":299,"column":99}},"143":{"start":{"line":301,"column":4},"end":{"line":305,"column":null}},"144":{"start":{"line":303,"column":26},"end":{"line":303,"column":75}},"145":{"start":{"line":303,"column":46},"end":{"line":303,"column":73}},"146":{"start":{"line":304,"column":6},"end":{"line":304,"column":109}},"147":{"start":{"line":307,"column":27},"end":{"line":307,"column":96}},"148":{"start":{"line":310,"column":4},"end":{"line":313,"column":null}},"149":{"start":{"line":311,"column":26},"end":{"line":311,"column":75}},"150":{"start":{"line":311,"column":46},"end":{"line":311,"column":73}},"151":{"start":{"line":312,"column":6},"end":{"line":312,"column":68}},"152":{"start":{"line":316,"column":29},"end":{"line":320,"column":96}},"153":{"start":{"line":318,"column":26},"end":{"line":318,"column":39}},"154":{"start":{"line":319,"column":23},"end":{"line":319,"column":82}},"155":{"start":{"line":320,"column":39},"end":{"line":320,"column":95}},"156":{"start":{"line":320,"column":62},"end":{"line":320,"column":84}},"157":{"start":{"line":323,"column":25},"end":{"line":324,"column":null}},"158":{"start":{"line":324,"column":64},"end":{"line":324,"column":118}},"159":{"start":{"line":327,"column":4},"end":{"line":327,"column":62}},"160":{"start":{"line":332,"column":4},"end":{"line":334,"column":null}},"161":{"start":{"line":333,"column":6},"end":{"line":333,"column":76}},"162":{"start":{"line":336,"column":27},"end":{"line":338,"column":10}},"163":{"start":{"line":340,"column":24},"end":{"line":340,"column":110}},"164":{"start":{"line":340,"column":71},"end":{"line":340,"column":84}},"165":{"start":{"line":340,"column":100},"end":{"line":340,"column":109}},"166":{"start":{"line":341,"column":29},"end":{"line":341,"column":101}},"167":{"start":{"line":343,"column":35},"end":{"line":343,"column":78}},"168":{"start":{"line":344,"column":25},"end":{"line":344,"column":108}},"169":{"start":{"line":346,"column":4},"end":{"line":346,"column":62}},"170":{"start":{"line":350,"column":4},"end":{"line":352,"column":null}},"171":{"start":{"line":351,"column":6},"end":{"line":351,"column":76}},"172":{"start":{"line":353,"column":18},"end":{"line":353,"column":104}},"173":{"start":{"line":353,"column":65},"end":{"line":353,"column":78}},"174":{"start":{"line":353,"column":94},"end":{"line":353,"column":103}},"175":{"start":{"line":354,"column":18},"end":{"line":354,"column":36}},"176":{"start":{"line":355,"column":18},"end":{"line":355,"column":36}},"177":{"start":{"line":356,"column":4},"end":{"line":356,"column":29}},"178":{"start":{"line":357,"column":29},"end":{"line":357,"column":54}},"179":{"start":{"line":358,"column":20},"end":{"line":363,"column":30}},"180":{"start":{"line":358,"column":53},"end":{"line":363,"column":6}},"181":{"start":{"line":364,"column":26},"end":{"line":367,"column":6}},"182":{"start":{"line":368,"column":4},"end":{"line":368,"column":89}},"183":{"start":{"line":372,"column":4},"end":{"line":374,"column":null}},"184":{"start":{"line":373,"column":6},"end":{"line":373,"column":76}},"185":{"start":{"line":375,"column":4},"end":{"line":379,"column":6}},"186":{"start":{"line":383,"column":29},"end":{"line":383,"column":86}},"187":{"start":{"line":384,"column":4},"end":{"line":386,"column":null}},"188":{"start":{"line":385,"column":6},"end":{"line":385,"column":76}},"189":{"start":{"line":388,"column":30},"end":{"line":388,"column":116}},"190":{"start":{"line":388,"column":77},"end":{"line":388,"column":90}},"191":{"start":{"line":388,"column":106},"end":{"line":388,"column":115}},"192":{"start":{"line":389,"column":20},"end":{"line":394,"column":30}},"193":{"start":{"line":389,"column":53},"end":{"line":394,"column":6}},"194":{"start":{"line":395,"column":26},"end":{"line":398,"column":6}},"195":{"start":{"line":399,"column":4},"end":{"line":399,"column":89}},"196":{"start":{"line":403,"column":4},"end":{"line":405,"column":null}},"197":{"start":{"line":404,"column":6},"end":{"line":404,"column":76}},"198":{"start":{"line":407,"column":30},"end":{"line":407,"column":116}},"199":{"start":{"line":407,"column":77},"end":{"line":407,"column":90}},"200":{"start":{"line":407,"column":106},"end":{"line":407,"column":115}},"201":{"start":{"line":410,"column":44},"end":{"line":412,"column":35}},"202":{"start":{"line":411,"column":21},"end":{"line":411,"column":66}},"203":{"start":{"line":412,"column":19},"end":{"line":412,"column":34}},"204":{"start":{"line":413,"column":4},"end":{"line":413,"column":55}},"205":{"start":{"line":414,"column":4},"end":{"line":416,"column":null}},"206":{"start":{"line":415,"column":6},"end":{"line":415,"column":97}},"207":{"start":{"line":418,"column":20},"end":{"line":423,"column":30}},"208":{"start":{"line":418,"column":53},"end":{"line":423,"column":6}},"209":{"start":{"line":424,"column":26},"end":{"line":427,"column":6}},"210":{"start":{"line":428,"column":4},"end":{"line":428,"column":89}},"211":{"start":{"line":432,"column":4},"end":{"line":434,"column":32}},"212":{"start":{"line":433,"column":21},"end":{"line":433,"column":73}},"213":{"start":{"line":434,"column":21},"end":{"line":434,"column":30}},"214":{"start":{"line":439,"column":24},"end":{"line":439,"column":100}},"215":{"start":{"line":440,"column":4},"end":{"line":459,"column":null}},"216":{"start":{"line":442,"column":8},"end":{"line":444,"column":null}},"217":{"start":{"line":443,"column":10},"end":{"line":443,"column":29}},"218":{"start":{"line":445,"column":8},"end":{"line":445,"column":20}},"219":{"start":{"line":447,"column":8},"end":{"line":449,"column":null}},"220":{"start":{"line":448,"column":10},"end":{"line":448,"column":29}},"221":{"start":{"line":450,"column":8},"end":{"line":450,"column":20}},"222":{"start":{"line":453,"column":8},"end":{"line":455,"column":null}},"223":{"start":{"line":454,"column":10},"end":{"line":454,"column":29}},"224":{"start":{"line":456,"column":8},"end":{"line":456,"column":20}},"225":{"start":{"line":458,"column":8},"end":{"line":458,"column":20}},"226":{"start":{"line":463,"column":4},"end":{"line":463,"column":35}},"227":{"start":{"line":467,"column":4},"end":{"line":484,"column":null}},"228":{"start":{"line":469,"column":8},"end":{"line":469,"column":66}},"229":{"start":{"line":469,"column":35},"end":{"line":469,"column":63}},"230":{"start":{"line":471,"column":8},"end":{"line":471,"column":33}},"231":{"start":{"line":473,"column":8},"end":{"line":473,"column":38}},"232":{"start":{"line":475,"column":25},"end":{"line":475,"column":66}},"233":{"start":{"line":476,"column":8},"end":{"line":480,"column":12}},"234":{"start":{"line":476,"column":35},"end":{"line":480,"column":10}},"235":{"start":{"line":483,"column":8},"end":{"line":483,"column":18}},"236":{"start":{"line":488,"column":4},"end":{"line":501,"column":null}},"237":{"start":{"line":490,"column":8},"end":{"line":490,"column":25}},"238":{"start":{"line":492,"column":8},"end":{"line":492,"column":22}},"239":{"start":{"line":494,"column":8},"end":{"line":494,"column":28}},"240":{"start":{"line":496,"column":8},"end":{"line":496,"column":26}},"241":{"start":{"line":498,"column":8},"end":{"line":498,"column":27}},"242":{"start":{"line":500,"column":8},"end":{"line":500,"column":73}},"243":{"start":{"line":505,"column":16},"end":{"line":505,"column":18}},"244":{"start":{"line":506,"column":4},"end":{"line":511,"column":null}},"245":{"start":{"line":506,"column":17},"end":{"line":506,"column":18}},"246":{"start":{"line":507,"column":6},"end":{"line":510,"column":null}},"247":{"start":{"line":508,"column":8},"end":{"line":508,"column":18}},"248":{"start":{"line":509,"column":8},"end":{"line":509,"column":14}},"249":{"start":{"line":512,"column":4},"end":{"line":512,"column":17}},"250":{"start":{"line":516,"column":25},"end":{"line":516,"column":111}},"251":{"start":{"line":516,"column":72},"end":{"line":516,"column":85}},"252":{"start":{"line":516,"column":101},"end":{"line":516,"column":110}},"253":{"start":{"line":517,"column":4},"end":{"line":517,"column":67}},"254":{"start":{"line":517,"column":37},"end":{"line":517,"column":65}},"255":{"start":{"line":521,"column":4},"end":{"line":539,"column":null}},"256":{"start":{"line":525,"column":8},"end":{"line":525,"column":20}},"257":{"start":{"line":538,"column":8},"end":{"line":538,"column":21}},"258":{"start":{"line":543,"column":4},"end":{"line":561,"column":null}},"259":{"start":{"line":548,"column":8},"end":{"line":548,"column":20}},"260":{"start":{"line":560,"column":8},"end":{"line":560,"column":21}},"261":{"start":{"line":565,"column":4},"end":{"line":567,"column":null}},"262":{"start":{"line":566,"column":6},"end":{"line":566,"column":19}},"263":{"start":{"line":568,"column":32},"end":{"line":568,"column":51}},"264":{"start":{"line":569,"column":29},"end":{"line":569,"column":55}},"265":{"start":{"line":570,"column":4},"end":{"line":570,"column":65}},"266":{"start":{"line":571,"column":4},"end":{"line":571,"column":67}},"267":{"start":{"line":572,"column":4},"end":{"line":572,"column":63}},"268":{"start":{"line":573,"column":4},"end":{"line":575,"column":null}},"269":{"start":{"line":574,"column":6},"end":{"line":574,"column":74}},"270":{"start":{"line":576,"column":18},"end":{"line":576,"column":69}},"271":{"start":{"line":576,"column":50},"end":{"line":576,"column":68}},"272":{"start":{"line":577,"column":4},"end":{"line":579,"column":null}},"273":{"start":{"line":578,"column":6},"end":{"line":578,"column":102}},"274":{"start":{"line":580,"column":4},"end":{"line":580,"column":17}},"275":{"start":{"line":584,"column":32},"end":{"line":584,"column":89}},"276":{"start":{"line":584,"column":70},"end":{"line":584,"column":88}},"277":{"start":{"line":585,"column":4},"end":{"line":585,"column":44}},"278":{"start":{"line":586,"column":4},"end":{"line":588,"column":null}},"279":{"start":{"line":587,"column":6},"end":{"line":587,"column":42}},"280":{"start":{"line":589,"column":4},"end":{"line":589,"column":16}},"281":{"start":{"line":593,"column":4},"end":{"line":599,"column":null}},"282":{"start":{"line":593,"column":17},"end":{"line":593,"column":18}},"283":{"start":{"line":594,"column":16},"end":{"line":594,"column":69}},"284":{"start":{"line":595,"column":6},"end":{"line":598,"column":null}},"285":{"start":{"line":596,"column":8},"end":{"line":596,"column":32}},"286":{"start":{"line":597,"column":8},"end":{"line":597,"column":15}},"287":{"start":{"line":600,"column":4},"end":{"line":600,"column":55}},"288":{"start":{"line":8,"column":0},"end":{"line":8,"column":21}},"289":{"start":{"line":605,"column":16},"end":{"line":605,"column":28}},"290":{"start":{"line":606,"column":2},"end":{"line":612,"column":null}},"291":{"start":{"line":607,"column":16},"end":{"line":607,"column":51}},"292":{"start":{"line":608,"column":4},"end":{"line":608,"column":14}},"293":{"start":{"line":609,"column":15},"end":{"line":609,"column":29}},"294":{"start":{"line":610,"column":4},"end":{"line":610,"column":34}},"295":{"start":{"line":611,"column":4},"end":{"line":611,"column":24}},"296":{"start":{"line":614,"column":2},"end":{"line":614,"column":15}},"297":{"start":{"line":618,"column":2},"end":{"line":618,"column":62}},"298":{"start":{"line":618,"column":37},"end":{"line":618,"column":56}},"299":{"start":{"line":622,"column":2},"end":{"line":625,"column":4}},"300":{"start":{"line":624,"column":6},"end":{"line":624,"column":98}},"301":{"start":{"line":624,"column":45},"end":{"line":624,"column":97}},"302":{"start":{"line":630,"column":15},"end":{"line":630,"column":25}},"303":{"start":{"line":631,"column":23},"end":{"line":631,"column":103}},"304":{"start":{"line":631,"column":50},"end":{"line":631,"column":98}},"305":{"start":{"line":631,"column":90},"end":{"line":631,"column":96}},"306":{"start":{"line":632,"column":2},"end":{"line":632,"column":40}},"307":{"start":{"line":636,"column":2},"end":{"line":639,"column":null}},"308":{"start":{"line":637,"column":16},"end":{"line":637,"column":54}},"309":{"start":{"line":638,"column":4},"end":{"line":638,"column":25}}},"fnMap":{"0":{"name":"(anonymous_1)","decl":{"start":{"line":4,"column":33},"end":{"line":4,"column":43}},"loc":{"start":{"line":4,"column":55},"end":{"line":6,"column":1}}},"1":{"name":"(anonymous_2)","decl":{"start":{"line":11,"column":2},"end":{"line":11,"column":14}},"loc":{"start":{"line":11,"column":66},"end":{"line":39,"column":3}}},"2":{"name":"(anonymous_3)","decl":{"start":{"line":12,"column":36},"end":{"line":12,"column":37}},"loc":{"start":{"line":12,"column":66},"end":{"line":18,"column":6}}},"3":{"name":"(anonymous_4)","decl":{"start":{"line":22,"column":6},"end":{"line":22,"column":7}},"loc":{"start":{"line":23,"column":8},"end":{"line":26,"column":null}}},"4":{"name":"(anonymous_5)","decl":{"start":{"line":41,"column":2},"end":{"line":41,"column":10}},"loc":{"start":{"line":41,"column":10},"end":{"line":43,"column":3}}},"5":{"name":"(anonymous_6)","decl":{"start":{"line":45,"column":2},"end":{"line":45,"column":10}},"loc":{"start":{"line":45,"column":23},"end":{"line":47,"column":3}}},"6":{"name":"(anonymous_7)","decl":{"start":{"line":49,"column":2},"end":{"line":49,"column":10}},"loc":{"start":{"line":49,"column":10},"end":{"line":51,"column":3}}},"7":{"name":"(anonymous_8)","decl":{"start":{"line":53,"column":2},"end":{"line":53,"column":10}},"loc":{"start":{"line":53,"column":41},"end":{"line":74,"column":3}}},"8":{"name":"(anonymous_9)","decl":{"start":{"line":76,"column":2},"end":{"line":76,"column":28}},"loc":{"start":{"line":76,"column":90},"end":{"line":93,"column":3}}},"9":{"name":"(anonymous_10)","decl":{"start":{"line":95,"column":2},"end":{"line":95,"column":37}},"loc":{"start":{"line":95,"column":74},"end":{"line":101,"column":3}}},"10":{"name":"(anonymous_11)","decl":{"start":{"line":103,"column":2},"end":{"line":103,"column":27}},"loc":{"start":{"line":103,"column":64},"end":{"line":107,"column":3}}},"11":{"name":"(anonymous_12)","decl":{"start":{"line":106,"column":22},"end":{"line":106,"column":23}},"loc":{"start":{"line":106,"column":32},"end":{"line":106,"column":100}}},"12":{"name":"(anonymous_13)","decl":{"start":{"line":109,"column":2},"end":{"line":109,"column":15}},"loc":{"start":{"line":109,"column":15},"end":{"line":117,"column":3}}},"13":{"name":"(anonymous_14)","decl":{"start":{"line":119,"column":2},"end":{"line":119,"column":26}},"loc":{"start":{"line":119,"column":26},"end":{"line":181,"column":3}}},"14":{"name":"(anonymous_15)","decl":{"start":{"line":127,"column":12},"end":{"line":127,"column":13}},"loc":{"start":{"line":127,"column":28},"end":{"line":127,"column":75}}},"15":{"name":"(anonymous_16)","decl":{"start":{"line":143,"column":12},"end":{"line":143,"column":13}},"loc":{"start":{"line":143,"column":28},"end":{"line":143,"column":75}}},"16":{"name":"(anonymous_17)","decl":{"start":{"line":147,"column":60},"end":{"line":147,"column":61}},"loc":{"start":{"line":147,"column":70},"end":{"line":147,"column":82}}},"17":{"name":"(anonymous_18)","decl":{"start":{"line":184,"column":2},"end":{"line":184,"column":9}},"loc":{"start":{"line":184,"column":9},"end":{"line":188,"column":3}}},"18":{"name":"(anonymous_19)","decl":{"start":{"line":191,"column":2},"end":{"line":191,"column":15}},"loc":{"start":{"line":191,"column":48},"end":{"line":253,"column":3}}},"19":{"name":"(anonymous_20)","decl":{"start":{"line":255,"column":2},"end":{"line":255,"column":12}},"loc":{"start":{"line":255,"column":12},"end":{"line":290,"column":3}}},"20":{"name":"(anonymous_21)","decl":{"start":{"line":256,"column":34},"end":{"line":256,"column":35}},"loc":{"start":{"line":256,"column":47},"end":{"line":289,"column":5}}},"21":{"name":"(anonymous_22)","decl":{"start":{"line":293,"column":2},"end":{"line":293,"column":22}},"loc":{"start":{"line":293,"column":42},"end":{"line":328,"column":3}}},"22":{"name":"(anonymous_23)","decl":{"start":{"line":299,"column":46},"end":{"line":299,"column":47}},"loc":{"start":{"line":299,"column":56},"end":{"line":299,"column":79}}},"23":{"name":"(anonymous_24)","decl":{"start":{"line":299,"column":85},"end":{"line":299,"column":86}},"loc":{"start":{"line":299,"column":92},"end":{"line":299,"column":99}}},"24":{"name":"(anonymous_25)","decl":{"start":{"line":303,"column":38},"end":{"line":303,"column":39}},"loc":{"start":{"line":303,"column":46},"end":{"line":303,"column":73}}},"25":{"name":"(anonymous_26)","decl":{"start":{"line":311,"column":38},"end":{"line":311,"column":39}},"loc":{"start":{"line":311,"column":46},"end":{"line":311,"column":73}}},"26":{"name":"(anonymous_27)","decl":{"start":{"line":318,"column":16},"end":{"line":318,"column":17}},"loc":{"start":{"line":318,"column":26},"end":{"line":318,"column":39}}},"27":{"name":"(anonymous_28)","decl":{"start":{"line":319,"column":13},"end":{"line":319,"column":14}},"loc":{"start":{"line":319,"column":23},"end":{"line":319,"column":82}}},"28":{"name":"(anonymous_29)","decl":{"start":{"line":320,"column":13},"end":{"line":320,"column":14}},"loc":{"start":{"line":320,"column":39},"end":{"line":320,"column":95}}},"29":{"name":"(anonymous_30)","decl":{"start":{"line":320,"column":55},"end":{"line":320,"column":56}},"loc":{"start":{"line":320,"column":62},"end":{"line":320,"column":84}}},"30":{"name":"(anonymous_31)","decl":{"start":{"line":324,"column":54},"end":{"line":324,"column":55}},"loc":{"start":{"line":324,"column":64},"end":{"line":324,"column":118}}},"31":{"name":"(anonymous_32)","decl":{"start":{"line":331,"column":2},"end":{"line":331,"column":25}},"loc":{"start":{"line":331,"column":74},"end":{"line":347,"column":3}}},"32":{"name":"(anonymous_33)","decl":{"start":{"line":340,"column":61},"end":{"line":340,"column":62}},"loc":{"start":{"line":340,"column":71},"end":{"line":340,"column":84}}},"33":{"name":"(anonymous_34)","decl":{"start":{"line":340,"column":90},"end":{"line":340,"column":91}},"loc":{"start":{"line":340,"column":100},"end":{"line":340,"column":109}}},"34":{"name":"(anonymous_35)","decl":{"start":{"line":349,"column":2},"end":{"line":349,"column":29}},"loc":{"start":{"line":349,"column":78},"end":{"line":369,"column":3}}},"35":{"name":"(anonymous_36)","decl":{"start":{"line":353,"column":55},"end":{"line":353,"column":56}},"loc":{"start":{"line":353,"column":65},"end":{"line":353,"column":78}}},"36":{"name":"(anonymous_37)","decl":{"start":{"line":353,"column":84},"end":{"line":353,"column":85}},"loc":{"start":{"line":353,"column":94},"end":{"line":353,"column":103}}},"37":{"name":"(anonymous_38)","decl":{"start":{"line":358,"column":41},"end":{"line":358,"column":42}},"loc":{"start":{"line":358,"column":53},"end":{"line":363,"column":6}}},"38":{"name":"(anonymous_39)","decl":{"start":{"line":371,"column":2},"end":{"line":371,"column":30}},"loc":{"start":{"line":371,"column":79},"end":{"line":380,"column":3}}},"39":{"name":"(anonymous_40)","decl":{"start":{"line":382,"column":2},"end":{"line":382,"column":28}},"loc":{"start":{"line":382,"column":77},"end":{"line":400,"column":3}}},"40":{"name":"(anonymous_41)","decl":{"start":{"line":388,"column":67},"end":{"line":388,"column":68}},"loc":{"start":{"line":388,"column":77},"end":{"line":388,"column":90}}},"41":{"name":"(anonymous_42)","decl":{"start":{"line":388,"column":96},"end":{"line":388,"column":97}},"loc":{"start":{"line":388,"column":106},"end":{"line":388,"column":115}}},"42":{"name":"(anonymous_43)","decl":{"start":{"line":389,"column":42},"end":{"line":389,"column":43}},"loc":{"start":{"line":389,"column":53},"end":{"line":394,"column":6}}},"43":{"name":"(anonymous_44)","decl":{"start":{"line":402,"column":2},"end":{"line":402,"column":37}},"loc":{"start":{"line":402,"column":86},"end":{"line":429,"column":3}}},"44":{"name":"(anonymous_45)","decl":{"start":{"line":407,"column":67},"end":{"line":407,"column":68}},"loc":{"start":{"line":407,"column":77},"end":{"line":407,"column":90}}},"45":{"name":"(anonymous_46)","decl":{"start":{"line":407,"column":96},"end":{"line":407,"column":97}},"loc":{"start":{"line":407,"column":106},"end":{"line":407,"column":115}}},"46":{"name":"(anonymous_47)","decl":{"start":{"line":411,"column":14},"end":{"line":411,"column":15}},"loc":{"start":{"line":411,"column":21},"end":{"line":411,"column":66}}},"47":{"name":"(anonymous_48)","decl":{"start":{"line":412,"column":11},"end":{"line":412,"column":12}},"loc":{"start":{"line":412,"column":19},"end":{"line":412,"column":34}}},"48":{"name":"(anonymous_49)","decl":{"start":{"line":418,"column":42},"end":{"line":418,"column":43}},"loc":{"start":{"line":418,"column":53},"end":{"line":423,"column":6}}},"49":{"name":"(anonymous_50)","decl":{"start":{"line":431,"column":2},"end":{"line":431,"column":34}},"loc":{"start":{"line":431,"column":87},"end":{"line":435,"column":3}}},"50":{"name":"(anonymous_51)","decl":{"start":{"line":433,"column":11},"end":{"line":433,"column":12}},"loc":{"start":{"line":433,"column":21},"end":{"line":433,"column":73}}},"51":{"name":"(anonymous_52)","decl":{"start":{"line":434,"column":14},"end":{"line":434,"column":15}},"loc":{"start":{"line":434,"column":21},"end":{"line":434,"column":30}}},"52":{"name":"(anonymous_53)","decl":{"start":{"line":438,"column":2},"end":{"line":438,"column":28}},"loc":{"start":{"line":438,"column":62},"end":{"line":460,"column":3}}},"53":{"name":"(anonymous_54)","decl":{"start":{"line":462,"column":2},"end":{"line":462,"column":18}},"loc":{"start":{"line":462,"column":18},"end":{"line":464,"column":3}}},"54":{"name":"(anonymous_55)","decl":{"start":{"line":466,"column":2},"end":{"line":466,"column":23}},"loc":{"start":{"line":466,"column":84},"end":{"line":485,"column":3}}},"55":{"name":"(anonymous_56)","decl":{"start":{"line":469,"column":27},"end":{"line":469,"column":28}},"loc":{"start":{"line":469,"column":35},"end":{"line":469,"column":63}}},"56":{"name":"(anonymous_57)","decl":{"start":{"line":476,"column":27},"end":{"line":476,"column":28}},"loc":{"start":{"line":476,"column":35},"end":{"line":480,"column":10}}},"57":{"name":"(anonymous_58)","decl":{"start":{"line":487,"column":2},"end":{"line":487,"column":18}},"loc":{"start":{"line":487,"column":33},"end":{"line":502,"column":3}}},"58":{"name":"(anonymous_59)","decl":{"start":{"line":504,"column":2},"end":{"line":504,"column":26}},"loc":{"start":{"line":504,"column":58},"end":{"line":513,"column":3}}},"59":{"name":"(anonymous_60)","decl":{"start":{"line":515,"column":2},"end":{"line":515,"column":27}},"loc":{"start":{"line":515,"column":47},"end":{"line":518,"column":3}}},"60":{"name":"(anonymous_61)","decl":{"start":{"line":516,"column":62},"end":{"line":516,"column":63}},"loc":{"start":{"line":516,"column":72},"end":{"line":516,"column":85}}},"61":{"name":"(anonymous_62)","decl":{"start":{"line":516,"column":91},"end":{"line":516,"column":92}},"loc":{"start":{"line":516,"column":101},"end":{"line":516,"column":110}}},"62":{"name":"(anonymous_63)","decl":{"start":{"line":517,"column":27},"end":{"line":517,"column":28}},"loc":{"start":{"line":517,"column":37},"end":{"line":517,"column":65}}},"63":{"name":"(anonymous_64)","decl":{"start":{"line":520,"column":2},"end":{"line":520,"column":19}},"loc":{"start":{"line":520,"column":34},"end":{"line":540,"column":3}}},"64":{"name":"(anonymous_65)","decl":{"start":{"line":542,"column":2},"end":{"line":542,"column":22}},"loc":{"start":{"line":542,"column":37},"end":{"line":562,"column":3}}},"65":{"name":"(anonymous_66)","decl":{"start":{"line":564,"column":2},"end":{"line":564,"column":15}},"loc":{"start":{"line":564,"column":46},"end":{"line":581,"column":3}}},"66":{"name":"(anonymous_67)","decl":{"start":{"line":576,"column":43},"end":{"line":576,"column":44}},"loc":{"start":{"line":576,"column":50},"end":{"line":576,"column":68}}},"67":{"name":"(anonymous_68)","decl":{"start":{"line":583,"column":2},"end":{"line":583,"column":16}},"loc":{"start":{"line":583,"column":16},"end":{"line":590,"column":3}}},"68":{"name":"(anonymous_69)","decl":{"start":{"line":584,"column":58},"end":{"line":584,"column":59}},"loc":{"start":{"line":584,"column":70},"end":{"line":584,"column":88}}},"69":{"name":"(anonymous_70)","decl":{"start":{"line":592,"column":2},"end":{"line":592,"column":16}},"loc":{"start":{"line":592,"column":16},"end":{"line":601,"column":3}}},"70":{"name":"shuffle","decl":{"start":{"line":604,"column":9},"end":{"line":604,"column":16}},"loc":{"start":{"line":604,"column":34},"end":{"line":615,"column":1}}},"71":{"name":"flatten","decl":{"start":{"line":617,"column":9},"end":{"line":617,"column":16}},"loc":{"start":{"line":617,"column":42},"end":{"line":619,"column":1}}},"72":{"name":"(anonymous_73)","decl":{"start":{"line":618,"column":22},"end":{"line":618,"column":23}},"loc":{"start":{"line":618,"column":37},"end":{"line":618,"column":56}}},"73":{"name":"dedupePairsArray","decl":{"start":{"line":621,"column":9},"end":{"line":621,"column":25}},"loc":{"start":{"line":621,"column":49},"end":{"line":626,"column":1}}},"74":{"name":"(anonymous_75)","decl":{"start":{"line":623,"column":4},"end":{"line":623,"column":5}},"loc":{"start":{"line":624,"column":6},"end":{"line":624,"column":98}}},"75":{"name":"(anonymous_76)","decl":{"start":{"line":624,"column":31},"end":{"line":624,"column":32}},"loc":{"start":{"line":624,"column":45},"end":{"line":624,"column":97}}},"76":{"name":"uniqueCombinations","decl":{"start":{"line":629,"column":9},"end":{"line":629,"column":27}},"loc":{"start":{"line":629,"column":46},"end":{"line":633,"column":1}}},"77":{"name":"(anonymous_78)","decl":{"start":{"line":631,"column":35},"end":{"line":631,"column":36}},"loc":{"start":{"line":631,"column":50},"end":{"line":631,"column":98}}},"78":{"name":"(anonymous_79)","decl":{"start":{"line":631,"column":83},"end":{"line":631,"column":84}},"loc":{"start":{"line":631,"column":90},"end":{"line":631,"column":96}}},"79":{"name":"assert","decl":{"start":{"line":635,"column":9},"end":{"line":635,"column":15}},"loc":{"start":{"line":635,"column":52},"end":{"line":640,"column":1}}}},"branchMap":{"0":{"loc":{"start":{"line":54,"column":4},"end":{"line":57,"column":null}},"type":"if","locations":[{"start":{"line":54,"column":4},"end":{"line":57,"column":null}},{"start":{"line":54,"column":4},"end":{"line":57,"column":null}}]},"1":{"loc":{"start":{"line":59,"column":4},"end":{"line":72,"column":null}},"type":"if","locations":[{"start":{"line":59,"column":4},"end":{"line":72,"column":null}},{"start":{"line":59,"column":4},"end":{"line":72,"column":null}}]},"2":{"loc":{"start":{"line":63,"column":6},"end":{"line":71,"column":null}},"type":"if","locations":[{"start":{"line":63,"column":6},"end":{"line":71,"column":null}},{"start":{"line":63,"column":6},"end":{"line":71,"column":null}}]},"3":{"loc":{"start":{"line":65,"column":13},"end":{"line":71,"column":null}},"type":"if","locations":[{"start":{"line":65,"column":13},"end":{"line":71,"column":null}},{"start":{"line":65,"column":13},"end":{"line":71,"column":null}}]},"4":{"loc":{"start":{"line":67,"column":13},"end":{"line":71,"column":null}},"type":"if","locations":[{"start":{"line":67,"column":13},"end":{"line":71,"column":null}},{"start":{"line":67,"column":13},"end":{"line":71,"column":null}}]},"5":{"loc":{"start":{"line":79,"column":4},"end":{"line":92,"column":null}},"type":"if","locations":[{"start":{"line":79,"column":4},"end":{"line":92,"column":null}},{"start":{"line":79,"column":4},"end":{"line":92,"column":null}}]},"6":{"loc":{"start":{"line":89,"column":6},"end":{"line":91,"column":null}},"type":"if","locations":[{"start":{"line":89,"column":6},"end":{"line":91,"column":null}},{"start":{"line":89,"column":6},"end":{"line":91,"column":null}}]},"7":{"loc":{"start":{"line":98,"column":4},"end":{"line":100,"column":null}},"type":"if","locations":[{"start":{"line":98,"column":4},"end":{"line":100,"column":null}},{"start":{"line":98,"column":4},"end":{"line":100,"column":null}}]},"8":{"loc":{"start":{"line":110,"column":4},"end":{"line":115,"column":null}},"type":"if","locations":[{"start":{"line":110,"column":4},"end":{"line":115,"column":null}},{"start":{"line":110,"column":4},"end":{"line":115,"column":null}}]},"9":{"loc":{"start":{"line":110,"column":8},"end":{"line":110,"column":43}},"type":"binary-expr","locations":[{"start":{"line":110,"column":8},"end":{"line":110,"column":43}},{"start":{"line":110,"column":47},"end":{"line":110,"column":86}}]},"10":{"loc":{"start":{"line":124,"column":8},"end":{"line":132,"column":null}},"type":"switch","locations":[{"start":{"line":124,"column":8},"end":{"line":132,"column":null}},{"start":{"line":133,"column":8},"end":{"line":139,"column":null}},{"start":{"line":140,"column":8},"end":{"line":150,"column":null}},{"start":{"line":151,"column":8},"end":{"line":155,"column":null}},{"start":{"line":156,"column":8},"end":{"line":160,"column":null}},{"start":{"line":161,"column":8},"end":{"line":162,"column":58}}]},"11":{"loc":{"start":{"line":127,"column":28},"end":{"line":127,"column":47}},"type":"binary-expr","locations":[{"start":{"line":127,"column":28},"end":{"line":127,"column":47}},{"start":{"line":127,"column":51},"end":{"line":127,"column":75}}]},"12":{"loc":{"start":{"line":143,"column":28},"end":{"line":143,"column":47}},"type":"binary-expr","locations":[{"start":{"line":143,"column":28},"end":{"line":143,"column":47}},{"start":{"line":143,"column":51},"end":{"line":143,"column":75}}]},"13":{"loc":{"start":{"line":168,"column":4},"end":{"line":180,"column":null}},"type":"if","locations":[{"start":{"line":168,"column":4},"end":{"line":180,"column":null}},{"start":{"line":168,"column":4},"end":{"line":180,"column":null}}]},"14":{"loc":{"start":{"line":193,"column":6},"end":{"line":199,"column":14}},"type":"switch","locations":[{"start":{"line":193,"column":6},"end":{"line":199,"column":14}},{"start":{"line":200,"column":6},"end":{"line":206,"column":14}},{"start":{"line":207,"column":6},"end":{"line":215,"column":14}},{"start":{"line":216,"column":6},"end":{"line":222,"column":14}},{"start":{"line":223,"column":6},"end":{"line":230,"column":14}},{"start":{"line":231,"column":6},"end":{"line":233,"column":14}},{"start":{"line":234,"column":6},"end":{"line":236,"column":14}},{"start":{"line":237,"column":6},"end":{"line":241,"column":14}},{"start":{"line":242,"column":6},"end":{"line":244,"column":14}},{"start":{"line":245,"column":6},"end":{"line":247,"column":14}},{"start":{"line":248,"column":6},"end":{"line":249,"column":14}},{"start":{"line":250,"column":6},"end":{"line":251,"column":63}}]},"15":{"loc":{"start":{"line":209,"column":8},"end":{"line":214,"column":null}},"type":"if","locations":[{"start":{"line":209,"column":8},"end":{"line":214,"column":null}},{"start":{"line":209,"column":8},"end":{"line":214,"column":null}}]},"16":{"loc":{"start":{"line":257,"column":6},"end":{"line":259,"column":null}},"type":"if","locations":[{"start":{"line":257,"column":6},"end":{"line":259,"column":null}},{"start":{"line":257,"column":6},"end":{"line":259,"column":null}}]},"17":{"loc":{"start":{"line":260,"column":6},"end":{"line":262,"column":null}},"type":"if","locations":[{"start":{"line":260,"column":6},"end":{"line":262,"column":null}},{"start":{"line":260,"column":6},"end":{"line":262,"column":null}}]},"18":{"loc":{"start":{"line":266,"column":8},"end":{"line":266,"column":27}},"type":"switch","locations":[{"start":{"line":266,"column":8},"end":{"line":266,"column":27}},{"start":{"line":267,"column":8},"end":{"line":267,"column":20}},{"start":{"line":268,"column":8},"end":{"line":268,"column":24}},{"start":{"line":269,"column":8},"end":{"line":269,"column":27}},{"start":{"line":270,"column":8},"end":{"line":270,"column":22}},{"start":{"line":271,"column":8},"end":{"line":271,"column":21}},{"start":{"line":272,"column":8},"end":{"line":273,"column":73}},{"start":{"line":274,"column":8},"end":{"line":275,"column":77}},{"start":{"line":276,"column":8},"end":{"line":277,"column":78}},{"start":{"line":278,"column":8},"end":{"line":279,"column":76}},{"start":{"line":280,"column":8},"end":{"line":281,"column":85}},{"start":{"line":282,"column":8},"end":{"line":283,"column":80}},{"start":{"line":284,"column":8},"end":{"line":285,"column":80}},{"start":{"line":286,"column":8},"end":{"line":287,"column":66}}]},"19":{"loc":{"start":{"line":294,"column":4},"end":{"line":296,"column":null}},"type":"if","locations":[{"start":{"line":294,"column":4},"end":{"line":296,"column":null}},{"start":{"line":294,"column":4},"end":{"line":296,"column":null}}]},"20":{"loc":{"start":{"line":301,"column":4},"end":{"line":305,"column":null}},"type":"if","locations":[{"start":{"line":301,"column":4},"end":{"line":305,"column":null}},{"start":{"line":301,"column":4},"end":{"line":305,"column":null}}]},"21":{"loc":{"start":{"line":310,"column":4},"end":{"line":313,"column":null}},"type":"if","locations":[{"start":{"line":310,"column":4},"end":{"line":313,"column":null}},{"start":{"line":310,"column":4},"end":{"line":313,"column":null}}]},"22":{"loc":{"start":{"line":332,"column":4},"end":{"line":334,"column":null}},"type":"if","locations":[{"start":{"line":332,"column":4},"end":{"line":334,"column":null}},{"start":{"line":332,"column":4},"end":{"line":334,"column":null}}]},"23":{"loc":{"start":{"line":337,"column":9},"end":{"line":337,"column":59}},"type":"cond-expr","locations":[{"start":{"line":337,"column":9},"end":{"line":337,"column":59}},{"start":{"line":338,"column":8},"end":{"line":338,"column":10}}]},"24":{"loc":{"start":{"line":350,"column":4},"end":{"line":352,"column":null}},"type":"if","locations":[{"start":{"line":350,"column":4},"end":{"line":352,"column":null}},{"start":{"line":350,"column":4},"end":{"line":352,"column":null}}]},"25":{"loc":{"start":{"line":372,"column":4},"end":{"line":374,"column":null}},"type":"if","locations":[{"start":{"line":372,"column":4},"end":{"line":374,"column":null}},{"start":{"line":372,"column":4},"end":{"line":374,"column":null}}]},"26":{"loc":{"start":{"line":384,"column":4},"end":{"line":386,"column":null}},"type":"if","locations":[{"start":{"line":384,"column":4},"end":{"line":386,"column":null}},{"start":{"line":384,"column":4},"end":{"line":386,"column":null}}]},"27":{"loc":{"start":{"line":403,"column":4},"end":{"line":405,"column":null}},"type":"if","locations":[{"start":{"line":403,"column":4},"end":{"line":405,"column":null}},{"start":{"line":403,"column":4},"end":{"line":405,"column":null}}]},"28":{"loc":{"start":{"line":411,"column":21},"end":{"line":411,"column":38}},"type":"binary-expr","locations":[{"start":{"line":411,"column":21},"end":{"line":411,"column":38}},{"start":{"line":411,"column":42},"end":{"line":411,"column":66}}]},"29":{"loc":{"start":{"line":414,"column":4},"end":{"line":416,"column":null}},"type":"if","locations":[{"start":{"line":414,"column":4},"end":{"line":416,"column":null}},{"start":{"line":414,"column":4},"end":{"line":416,"column":null}}]},"30":{"loc":{"start":{"line":441,"column":6},"end":{"line":445,"column":20}},"type":"switch","locations":[{"start":{"line":441,"column":6},"end":{"line":445,"column":20}},{"start":{"line":446,"column":6},"end":{"line":450,"column":20}},{"start":{"line":451,"column":6},"end":{"line":451,"column":21}},{"start":{"line":452,"column":6},"end":{"line":456,"column":20}},{"start":{"line":457,"column":6},"end":{"line":458,"column":20}}]},"31":{"loc":{"start":{"line":442,"column":8},"end":{"line":444,"column":null}},"type":"if","locations":[{"start":{"line":442,"column":8},"end":{"line":444,"column":null}},{"start":{"line":442,"column":8},"end":{"line":444,"column":null}}]},"32":{"loc":{"start":{"line":447,"column":8},"end":{"line":449,"column":null}},"type":"if","locations":[{"start":{"line":447,"column":8},"end":{"line":449,"column":null}},{"start":{"line":447,"column":8},"end":{"line":449,"column":null}}]},"33":{"loc":{"start":{"line":453,"column":8},"end":{"line":455,"column":null}},"type":"if","locations":[{"start":{"line":453,"column":8},"end":{"line":455,"column":null}},{"start":{"line":453,"column":8},"end":{"line":455,"column":null}}]},"34":{"loc":{"start":{"line":468,"column":6},"end":{"line":469,"column":66}},"type":"switch","locations":[{"start":{"line":468,"column":6},"end":{"line":469,"column":66}},{"start":{"line":470,"column":6},"end":{"line":471,"column":33}},{"start":{"line":472,"column":6},"end":{"line":473,"column":38}},{"start":{"line":474,"column":6},"end":{"line":480,"column":12}},{"start":{"line":481,"column":6},"end":{"line":481,"column":22}},{"start":{"line":482,"column":6},"end":{"line":483,"column":18}}]},"35":{"loc":{"start":{"line":489,"column":6},"end":{"line":490,"column":25}},"type":"switch","locations":[{"start":{"line":489,"column":6},"end":{"line":490,"column":25}},{"start":{"line":491,"column":6},"end":{"line":492,"column":22}},{"start":{"line":493,"column":6},"end":{"line":494,"column":28}},{"start":{"line":495,"column":6},"end":{"line":496,"column":26}},{"start":{"line":497,"column":6},"end":{"line":498,"column":27}},{"start":{"line":499,"column":6},"end":{"line":500,"column":73}}]},"36":{"loc":{"start":{"line":507,"column":6},"end":{"line":510,"column":null}},"type":"if","locations":[{"start":{"line":507,"column":6},"end":{"line":510,"column":null}},{"start":{"line":507,"column":6},"end":{"line":510,"column":null}}]},"37":{"loc":{"start":{"line":507,"column":10},"end":{"line":507,"column":56}},"type":"binary-expr","locations":[{"start":{"line":507,"column":10},"end":{"line":507,"column":56}},{"start":{"line":507,"column":60},"end":{"line":507,"column":110}}]},"38":{"loc":{"start":{"line":522,"column":6},"end":{"line":522,"column":25}},"type":"switch","locations":[{"start":{"line":522,"column":6},"end":{"line":522,"column":25}},{"start":{"line":523,"column":6},"end":{"line":523,"column":25}},{"start":{"line":524,"column":6},"end":{"line":525,"column":20}},{"start":{"line":526,"column":6},"end":{"line":526,"column":19}},{"start":{"line":527,"column":6},"end":{"line":527,"column":23}},{"start":{"line":528,"column":6},"end":{"line":528,"column":20}},{"start":{"line":529,"column":6},"end":{"line":529,"column":18}},{"start":{"line":530,"column":6},"end":{"line":530,"column":28}},{"start":{"line":531,"column":6},"end":{"line":531,"column":22}},{"start":{"line":532,"column":6},"end":{"line":532,"column":34}},{"start":{"line":533,"column":6},"end":{"line":533,"column":20}},{"start":{"line":534,"column":6},"end":{"line":534,"column":23}},{"start":{"line":535,"column":6},"end":{"line":535,"column":20}},{"start":{"line":536,"column":6},"end":{"line":536,"column":33}},{"start":{"line":537,"column":6},"end":{"line":538,"column":21}}]},"39":{"loc":{"start":{"line":544,"column":6},"end":{"line":544,"column":25}},"type":"switch","locations":[{"start":{"line":544,"column":6},"end":{"line":544,"column":25}},{"start":{"line":545,"column":6},"end":{"line":545,"column":22}},{"start":{"line":546,"column":6},"end":{"line":546,"column":19}},{"start":{"line":547,"column":6},"end":{"line":548,"column":20}},{"start":{"line":549,"column":6},"end":{"line":549,"column":19}},{"start":{"line":550,"column":6},"end":{"line":550,"column":23}},{"start":{"line":551,"column":6},"end":{"line":551,"column":20}},{"start":{"line":552,"column":6},"end":{"line":552,"column":18}},{"start":{"line":553,"column":6},"end":{"line":553,"column":28}},{"start":{"line":554,"column":6},"end":{"line":554,"column":34}},{"start":{"line":555,"column":6},"end":{"line":555,"column":25}},{"start":{"line":556,"column":6},"end":{"line":556,"column":20}},{"start":{"line":557,"column":6},"end":{"line":557,"column":23}},{"start":{"line":558,"column":6},"end":{"line":558,"column":20}},{"start":{"line":559,"column":6},"end":{"line":560,"column":21}}]},"40":{"loc":{"start":{"line":565,"column":4},"end":{"line":567,"column":null}},"type":"if","locations":[{"start":{"line":565,"column":4},"end":{"line":567,"column":null}},{"start":{"line":565,"column":4},"end":{"line":567,"column":null}}]},"41":{"loc":{"start":{"line":565,"column":8},"end":{"line":565,"column":37}},"type":"binary-expr","locations":[{"start":{"line":565,"column":8},"end":{"line":565,"column":37}},{"start":{"line":565,"column":41},"end":{"line":565,"column":56}}]},"42":{"loc":{"start":{"line":573,"column":4},"end":{"line":575,"column":null}},"type":"if","locations":[{"start":{"line":573,"column":4},"end":{"line":575,"column":null}},{"start":{"line":573,"column":4},"end":{"line":575,"column":null}}]},"43":{"loc":{"start":{"line":577,"column":4},"end":{"line":579,"column":null}},"type":"if","locations":[{"start":{"line":577,"column":4},"end":{"line":579,"column":null}},{"start":{"line":577,"column":4},"end":{"line":579,"column":null}}]},"44":{"loc":{"start":{"line":586,"column":4},"end":{"line":588,"column":null}},"type":"if","locations":[{"start":{"line":586,"column":4},"end":{"line":588,"column":null}},{"start":{"line":586,"column":4},"end":{"line":588,"column":null}}]},"45":{"loc":{"start":{"line":595,"column":6},"end":{"line":598,"column":null}},"type":"if","locations":[{"start":{"line":595,"column":6},"end":{"line":598,"column":null}},{"start":{"line":595,"column":6},"end":{"line":598,"column":null}}]},"46":{"loc":{"start":{"line":624,"column":46},"end":{"line":624,"column":55}},"type":"binary-expr","locations":[{"start":{"line":624,"column":46},"end":{"line":624,"column":55}},{"start":{"line":624,"column":59},"end":{"line":624,"column":68}},{"start":{"line":624,"column":74},"end":{"line":624,"column":83}},{"start":{"line":624,"column":87},"end":{"line":624,"column":96}}]},"47":{"loc":{"start":{"line":636,"column":2},"end":{"line":639,"column":null}},"type":"if","locations":[{"start":{"line":636,"column":2},"end":{"line":639,"column":null}},{"start":{"line":636,"column":2},"end":{"line":639,"column":null}}]},"48":{"loc":{"start":{"line":637,"column":26},"end":{"line":637,"column":33}},"type":"cond-expr","locations":[{"start":{"line":637,"column":26},"end":{"line":637,"column":33}},{"start":{"line":637,"column":36},"end":{"line":637,"column":54}}]}},"s":{"0":1,"1":1,"2":1,"3":5,"4":1,"5":2,"6":1,"7":1,"8":2,"9":1,"10":1,"11":0,"12":0,"13":0,"14":0,"15":0,"16":0,"17":0,"18":0,"19":0,"20":0,"21":0,"22":0,"23":0,"24":0,"25":0,"26":0,"27":0,"28":0,"29":0,"30":0,"31":0,"32":0,"33":0,"34":0,"35":0,"36":0,"37":0,"38":0,"39":0,"40":0,"41":0,"42":0,"43":0,"44":0,"45":0,"46":0,"47":1,"48":0,"49":1,"50":0,"51":0,"52":0,"53":0,"54":0,"55":0,"56":0,"57":0,"58":0,"59":0,"60":0,"61":0,"62":0,"63":0,"64":0,"65":0,"66":0,"67":0,"68":0,"69":0,"70":0,"71":0,"72":0,"73":0,"74":0,"75":0,"76":0,"77":0,"78":0,"79":0,"80":0,"81":0,"82":0,"83":0,"84":0,"85":0,"86":0,"87":0,"88":0,"89":0,"90":0,"91":0,"92":0,"93":0,"94":0,"95":0,"96":0,"97":0,"98":0,"99":0,"100":0,"101":0,"102":0,"103":0,"104":0,"105":0,"106":0,"107":0,"108":0,"109":0,"110":0,"111":0,"112":0,"113":0,"114":0,"115":0,"116":0,"117":0,"118":0,"119":0,"120":0,"121":0,"122":0,"123":1,"124":2,"125":0,"126":2,"127":2,"128":0,"129":0,"130":0,"131":0,"132":0,"133":0,"134":0,"135":0,"136":0,"137":0,"138":2,"139":1,"140":1,"141":2,"142":1,"143":1,"144":0,"145":0,"146":0,"147":1,"148":1,"149":0,"150":0,"151":0,"152":1,"153":2,"154":2,"155":1,"156":1,"157":1,"158":3,"159":1,"160":0,"161":0,"162":0,"163":0,"164":0,"165":0,"166":0,"167":0,"168":0,"169":0,"170":0,"171":0,"172":0,"173":0,"174":0,"175":0,"176":0,"177":0,"178":0,"179":0,"180":0,"181":0,"182":0,"183":0,"184":0,"185":0,"186":0,"187":0,"188":0,"189":0,"190":0,"191":0,"192":0,"193":0,"194":0,"195":0,"196":0,"197":0,"198":0,"199":0,"200":0,"201":0,"202":0,"203":0,"204":0,"205":0,"206":0,"207":0,"208":0,"209":0,"210":0,"211":0,"212":0,"213":0,"214":0,"215":0,"216":0,"217":0,"218":0,"219":0,"220":0,"221":0,"222":0,"223":0,"224":0,"225":0,"226":0,"227":5,"228":1,"229":1,"230":1,"231":1,"232":1,"233":1,"234":1,"235":1,"236":0,"237":0,"238":0,"239":0,"240":0,"241":0,"242":0,"243":0,"244":0,"245":0,"246":0,"247":0,"248":0,"249":0,"250":1,"251":2,"252":2,"253":1,"254":5,"255":0,"256":0,"257":0,"258":0,"259":0,"260":0,"261":0,"262":0,"263":0,"264":0,"265":0,"266":0,"267":0,"268":0,"269":0,"270":0,"271":0,"272":0,"273":0,"274":0,"275":0,"276":0,"277":0,"278":0,"279":0,"280":0,"281":0,"282":0,"283":0,"284":0,"285":0,"286":0,"287":0,"288":1,"289":1,"290":1,"291":15,"292":15,"293":15,"294":15,"295":15,"296":1,"297":2,"298":5,"299":0,"300":0,"301":0,"302":0,"303":0,"304":0,"305":0,"306":0,"307":0,"308":0,"309":0},"f":{"0":5,"1":1,"2":2,"3":2,"4":0,"5":0,"6":0,"7":0,"8":0,"9":0,"10":0,"11":0,"12":1,"13":0,"14":0,"15":0,"16":0,"17":0,"18":0,"19":1,"20":2,"21":2,"22":2,"23":1,"24":0,"25":0,"26":2,"27":2,"28":1,"29":1,"30":3,"31":0,"32":0,"33":0,"34":0,"35":0,"36":0,"37":0,"38":0,"39":0,"40":0,"41":0,"42":0,"43":0,"44":0,"45":0,"46":0,"47":0,"48":0,"49":0,"50":0,"51":0,"52":0,"53":0,"54":5,"55":1,"56":1,"57":0,"58":0,"59":1,"60":2,"61":2,"62":5,"63":0,"64":0,"65":0,"66":0,"67":0,"68":0,"69":0,"70":1,"71":2,"72":5,"73":0,"74":0,"75":0,"76":0,"77":0,"78":0,"79":0},"b":{"0":[0,0],"1":[0,0],"2":[0,0],"3":[0,0],"4":[0,0],"5":[0,0],"6":[0,0],"7":[0,0],"8":[0,1],"9":[1,1],"10":[0,0,0,0,0,0],"11":[0,0],"12":[0,0],"13":[0,0],"14":[0,0,0,0,0,0,0,0,0,0,0,0],"15":[0,0],"16":[0,2],"17":[2,0],"18":[0,0,0,0,0,0,0,0,0,0,0,0,0,0],"19":[1,1],"20":[0,1],"21":[0,1],"22":[0,0],"23":[0,0],"24":[0,0],"25":[0,0],"26":[0,0],"27":[0,0],"28":[0,0],"29":[0,0],"30":[0,0,0,0,0],"31":[0,0],"32":[0,0],"33":[0,0],"34":[1,1,1,1,1,1],"35":[0,0,0,0,0,0],"36":[0,0],"37":[0,0],"38":[0,0,0,0,0,0,0,0,0,0,0,0,0,0,0],"39":[0,0,0,0,0,0,0,0,0,0,0,0,0,0,0],"40":[0,0],"41":[0,0],"42":[0,0],"43":[0,0],"44":[0,0],"45":[0,0],"46":[0,0,0,0],"47":[0,0],"48":[0,0]}}
}
