TN:
SF:src/server/coup.ts
FN:4,(anonymous_1)
FN:11,(anonymous_2)
FN:12,(anonymous_3)
FN:22,(anonymous_4)
FN:41,(anonymous_5)
FN:45,(anonymous_6)
FN:49,(anonymous_7)
FN:53,(anonymous_8)
FN:76,(anonymous_9)
FN:95,(anonymous_10)
FN:103,(anonymous_11)
FN:106,(anonymous_12)
FN:109,(anonymous_13)
FN:119,(anonymous_14)
FN:127,(anonymous_15)
FN:143,(anonymous_16)
FN:147,(anonymous_17)
FN:184,(anonymous_18)
FN:191,(anonymous_19)
FN:255,(anonymous_20)
FN:256,(anonymous_21)
FN:293,(anonymous_22)
FN:299,(anonymous_23)
FN:299,(anonymous_24)
FN:303,(anonymous_25)
FN:311,(anonymous_26)
FN:318,(anonymous_27)
FN:319,(anonymous_28)
FN:320,(anonymous_29)
FN:320,(anonymous_30)
FN:324,(anonymous_31)
FN:331,(anonymous_32)
FN:340,(anonymous_33)
FN:340,(anonymous_34)
FN:349,(anonymous_35)
FN:353,(anonymous_36)
FN:353,(anonymous_37)
FN:358,(anonymous_38)
FN:371,(anonymous_39)
FN:382,(anonymous_40)
FN:388,(anonymous_41)
FN:388,(anonymous_42)
FN:389,(anonymous_43)
FN:402,(anonymous_44)
FN:407,(anonymous_45)
FN:407,(anonymous_46)
FN:411,(anonymous_47)
FN:412,(anonymous_48)
FN:418,(anonymous_49)
FN:431,(anonymous_50)
FN:433,(anonymous_51)
FN:434,(anonymous_52)
FN:438,(anonymous_53)
FN:462,(anonymous_54)
FN:466,(anonymous_55)
FN:469,(anonymous_56)
FN:476,(anonymous_57)
FN:487,(anonymous_58)
FN:504,(anonymous_59)
FN:515,(anonymous_60)
FN:516,(anonymous_61)
FN:516,(anonymous_62)
FN:517,(anonymous_63)
FN:520,(anonymous_64)
FN:542,(anonymous_65)
FN:564,(anonymous_66)
FN:576,(anonymous_67)
FN:583,(anonymous_68)
FN:584,(anonymous_69)
FN:592,(anonymous_70)
FN:604,shuffle
FN:617,flatten
FN:618,(anonymous_73)
FN:621,dedupePairsArray
FN:623,(anonymous_75)
FN:624,(anonymous_76)
FN:629,uniqueCombinations
FN:631,(anonymous_78)
FN:631,(anonymous_79)
FN:635,assert
FNF:80
FNH:25
FNDA:5,(anonymous_1)
FNDA:1,(anonymous_2)
FNDA:2,(anonymous_3)
FNDA:2,(anonymous_4)
FNDA:0,(anonymous_5)
FNDA:0,(anonymous_6)
FNDA:0,(anonymous_7)
FNDA:0,(anonymous_8)
FNDA:0,(anonymous_9)
FNDA:0,(anonymous_10)
FNDA:0,(anonymous_11)
FNDA:0,(anonymous_12)
FNDA:1,(anonymous_13)
FNDA:0,(anonymous_14)
FNDA:0,(anonymous_15)
FNDA:0,(anonymous_16)
FNDA:0,(anonymous_17)
FNDA:0,(anonymous_18)
FNDA:0,(anonymous_19)
FNDA:1,(anonymous_20)
FNDA:2,(anonymous_21)
FNDA:2,(anonymous_22)
FNDA:2,(anonymous_23)
FNDA:1,(anonymous_24)
FNDA:0,(anonymous_25)
FNDA:0,(anonymous_26)
FNDA:2,(anonymous_27)
FNDA:2,(anonymous_28)
FNDA:1,(anonymous_29)
FNDA:1,(anonymous_30)
FNDA:3,(anonymous_31)
FNDA:0,(anonymous_32)
FNDA:0,(anonymous_33)
FNDA:0,(anonymous_34)
FNDA:0,(anonymous_35)
FNDA:0,(anonymous_36)
FNDA:0,(anonymous_37)
FNDA:0,(anonymous_38)
FNDA:0,(anonymous_39)
FNDA:0,(anonymous_40)
FNDA:0,(anonymous_41)
FNDA:0,(anonymous_42)
FNDA:0,(anonymous_43)
FNDA:0,(anonymous_44)
FNDA:0,(anonymous_45)
FNDA:0,(anonymous_46)
FNDA:0,(anonymous_47)
FNDA:0,(anonymous_48)
FNDA:0,(anonymous_49)
FNDA:0,(anonymous_50)
FNDA:0,(anonymous_51)
FNDA:0,(anonymous_52)
FNDA:0,(anonymous_53)
FNDA:0,(anonymous_54)
FNDA:5,(anonymous_55)
FNDA:1,(anonymous_56)
FNDA:1,(anonymous_57)
FNDA:0,(anonymous_58)
FNDA:0,(anonymous_59)
FNDA:1,(anonymous_60)
FNDA:2,(anonymous_61)
FNDA:2,(anonymous_62)
FNDA:5,(anonymous_63)
FNDA:0,(anonymous_64)
FNDA:0,(anonymous_65)
FNDA:0,(anonymous_66)
FNDA:0,(anonymous_67)
FNDA:0,(anonymous_68)
FNDA:0,(anonymous_69)
FNDA:0,(anonymous_70)
FNDA:1,shuffle
FNDA:2,flatten
FNDA:5,(anonymous_73)
FNDA:0,dedupePairsArray
FNDA:0,(anonymous_75)
FNDA:0,(anonymous_76)
FNDA:0,uniqueCombinations
FNDA:0,(anonymous_78)
FNDA:0,(anonymous_79)
FNDA:0,assert
DA:1,1
DA:3,1
DA:4,1
DA:5,5
DA:8,1
DA:12,2
DA:19,1
DA:21,1
DA:23,2
DA:28,1
DA:38,1
DA:42,0
DA:46,0
DA:50,0
DA:54,0
DA:55,0
DA:56,0
DA:58,0
DA:59,0
DA:60,0
DA:62,0
DA:63,0
DA:64,0
DA:65,0
DA:66,0
DA:67,0
DA:68,0
DA:70,0
DA:73,0
DA:77,0
DA:78,0
DA:79,0
DA:80,0
DA:81,0
DA:82,0
DA:87,0
DA:88,0
DA:89,0
DA:90,0
DA:96,0
DA:97,0
DA:98,0
DA:99,0
DA:104,0
DA:105,0
DA:106,0
DA:110,1
DA:111,0
DA:116,1
DA:120,0
DA:121,0
DA:122,0
DA:123,0
DA:125,0
DA:126,0
DA:127,0
DA:129,0
DA:130,0
DA:131,0
DA:134,0
DA:135,0
DA:136,0
DA:137,0
DA:138,0
DA:141,0
DA:142,0
DA:143,0
DA:145,0
DA:146,0
DA:147,0
DA:148,0
DA:149,0
DA:152,0
DA:153,0
DA:154,0
DA:157,0
DA:158,0
DA:159,0
DA:162,0
DA:165,0
DA:166,0
DA:167,0
DA:168,0
DA:169,0
DA:172,0
DA:176,0
DA:185,0
DA:186,0
DA:187,0
DA:192,0
DA:194,0
DA:195,0
DA:199,0
DA:201,0
DA:202,0
DA:206,0
DA:208,0
DA:209,0
DA:210,0
DA:215,0
DA:217,0
DA:218,0
DA:222,0
DA:224,0
DA:225,0
DA:226,0
DA:230,0
DA:232,0
DA:233,0
DA:235,0
DA:236,0
DA:238,0
DA:239,0
DA:240,0
DA:241,0
DA:243,0
DA:244,0
DA:246,0
DA:247,0
DA:249,0
DA:251,0
DA:256,1
DA:257,2
DA:258,0
DA:260,2
DA:261,2
DA:264,0
DA:265,0
DA:273,0
DA:275,0
DA:277,0
DA:279,0
DA:281,0
DA:283,0
DA:285,0
DA:287,0
DA:294,2
DA:295,1
DA:299,2
DA:301,1
DA:303,0
DA:304,0
DA:307,1
DA:310,1
DA:311,0
DA:312,0
DA:316,1
DA:318,2
DA:319,2
DA:320,1
DA:323,1
DA:324,3
DA:327,1
DA:332,0
DA:333,0
DA:336,0
DA:340,0
DA:341,0
DA:343,0
DA:344,0
DA:346,0
DA:350,0
DA:351,0
DA:353,0
DA:354,0
DA:355,0
DA:356,0
DA:357,0
DA:358,0
DA:364,0
DA:368,0
DA:372,0
DA:373,0
DA:375,0
DA:383,0
DA:384,0
DA:385,0
DA:388,0
DA:389,0
DA:395,0
DA:399,0
DA:403,0
DA:404,0
DA:407,0
DA:410,0
DA:411,0
DA:412,0
DA:413,0
DA:414,0
DA:415,0
DA:418,0
DA:424,0
DA:428,0
DA:432,0
DA:433,0
DA:434,0
DA:439,0
DA:440,0
DA:442,0
DA:443,0
DA:445,0
DA:447,0
DA:448,0
DA:450,0
DA:453,0
DA:454,0
DA:456,0
DA:458,0
DA:463,0
DA:467,5
DA:469,1
DA:471,1
DA:473,1
DA:475,1
DA:476,1
DA:483,1
DA:488,0
DA:490,0
DA:492,0
DA:494,0
DA:496,0
DA:498,0
DA:500,0
DA:505,0
DA:506,0
DA:507,0
DA:508,0
DA:509,0
DA:512,0
DA:516,2
DA:517,5
DA:521,0
DA:525,0
DA:538,0
DA:543,0
DA:548,0
DA:560,0
DA:565,0
DA:566,0
DA:568,0
DA:569,0
DA:570,0
DA:571,0
DA:572,0
DA:573,0
DA:574,0
DA:576,0
DA:577,0
DA:578,0
DA:580,0
DA:584,0
DA:585,0
DA:586,0
DA:587,0
DA:589,0
DA:593,0
DA:594,0
DA:595,0
DA:596,0
DA:597,0
DA:600,0
DA:605,1
DA:606,1
DA:607,15
DA:608,15
DA:609,15
DA:610,15
DA:611,15
DA:614,1
DA:618,5
DA:622,0
DA:624,0
DA:630,0
DA:631,0
DA:632,0
DA:636,0
DA:637,0
DA:638,0
LF:278
LH:48
BRDA:54,0,0,0
BRDA:54,0,1,0
BRDA:59,1,0,0
BRDA:59,1,1,0
BRDA:63,2,0,0
BRDA:63,2,1,0
BRDA:65,3,0,0
BRDA:65,3,1,0
BRDA:67,4,0,0
BRDA:67,4,1,0
BRDA:79,5,0,0
BRDA:79,5,1,0
BRDA:89,6,0,0
BRDA:89,6,1,0
BRDA:98,7,0,0
BRDA:98,7,1,0
BRDA:110,8,0,0
BRDA:110,8,1,1
BRDA:110,9,0,1
BRDA:110,9,1,1
BRDA:124,10,0,0
BRDA:124,10,1,0
BRDA:124,10,2,0
BRDA:124,10,3,0
BRDA:124,10,4,0
BRDA:124,10,5,0
BRDA:127,11,0,0
BRDA:127,11,1,0
BRDA:143,12,0,0
BRDA:143,12,1,0
BRDA:168,13,0,0
BRDA:168,13,1,0
BRDA:193,14,0,0
BRDA:193,14,1,0
BRDA:193,14,2,0
BRDA:193,14,3,0
BRDA:193,14,4,0
BRDA:193,14,5,0
BRDA:193,14,6,0
BRDA:193,14,7,0
BRDA:193,14,8,0
BRDA:193,14,9,0
BRDA:193,14,10,0
BRDA:193,14,11,0
BRDA:209,15,0,0
BRDA:209,15,1,0
BRDA:257,16,0,0
BRDA:257,16,1,2
BRDA:260,17,0,2
BRDA:260,17,1,0
BRDA:266,18,0,0
BRDA:266,18,1,0
BRDA:266,18,2,0
BRDA:266,18,3,0
BRDA:266,18,4,0
BRDA:266,18,5,0
BRDA:266,18,6,0
BRDA:266,18,7,0
BRDA:266,18,8,0
BRDA:266,18,9,0
BRDA:266,18,10,0
BRDA:266,18,11,0
BRDA:266,18,12,0
BRDA:266,18,13,0
BRDA:294,19,0,1
BRDA:294,19,1,1
BRDA:301,20,0,0
BRDA:301,20,1,1
BRDA:310,21,0,0
BRDA:310,21,1,1
BRDA:332,22,0,0
BRDA:332,22,1,0
BRDA:337,23,0,0
BRDA:337,23,1,0
BRDA:350,24,0,0
BRDA:350,24,1,0
BRDA:372,25,0,0
BRDA:372,25,1,0
BRDA:384,26,0,0
BRDA:384,26,1,0
BRDA:403,27,0,0
BRDA:403,27,1,0
BRDA:411,28,0,0
BRDA:411,28,1,0
BRDA:414,29,0,0
BRDA:414,29,1,0
BRDA:441,30,0,0
BRDA:441,30,1,0
BRDA:441,30,2,0
BRDA:441,30,3,0
BRDA:441,30,4,0
BRDA:442,31,0,0
BRDA:442,31,1,0
BRDA:447,32,0,0
BRDA:447,32,1,0
BRDA:453,33,0,0
BRDA:453,33,1,0
BRDA:468,34,0,1
BRDA:468,34,1,1
BRDA:468,34,2,1
BRDA:468,34,3,1
BRDA:468,34,4,1
BRDA:468,34,5,1
BRDA:489,35,0,0
BRDA:489,35,1,0
BRDA:489,35,2,0
BRDA:489,35,3,0
BRDA:489,35,4,0
BRDA:489,35,5,0
BRDA:507,36,0,0
BRDA:507,36,1,0
BRDA:507,37,0,0
BRDA:507,37,1,0
BRDA:522,38,0,0
BRDA:522,38,1,0
BRDA:522,38,2,0
BRDA:522,38,3,0
BRDA:522,38,4,0
BRDA:522,38,5,0
BRDA:522,38,6,0
BRDA:522,38,7,0
BRDA:522,38,8,0
BRDA:522,38,9,0
BRDA:522,38,10,0
BRDA:522,38,11,0
BRDA:522,38,12,0
BRDA:522,38,13,0
BRDA:522,38,14,0
BRDA:544,39,0,0
BRDA:544,39,1,0
BRDA:544,39,2,0
BRDA:544,39,3,0
BRDA:544,39,4,0
BRDA:544,39,5,0
BRDA:544,39,6,0
BRDA:544,39,7,0
BRDA:544,39,8,0
BRDA:544,39,9,0
BRDA:544,39,10,0
BRDA:544,39,11,0
BRDA:544,39,12,0
BRDA:544,39,13,0
BRDA:544,39,14,0
BRDA:565,40,0,0
BRDA:565,40,1,0
BRDA:565,41,0,0
BRDA:565,41,1,0
BRDA:573,42,0,0
BRDA:573,42,1,0
BRDA:577,43,0,0
BRDA:577,43,1,0
BRDA:586,44,0,0
BRDA:586,44,1,0
BRDA:595,45,0,0
BRDA:595,45,1,0
BRDA:624,46,0,0
BRDA:624,46,1,0
BRDA:624,46,2,0
BRDA:624,46,3,0
BRDA:636,47,0,0
BRDA:636,47,1,0
BRDA:637,48,0,0
BRDA:637,48,1,0
BRF:163
BRH:15
end_of_record
